{"C:\\projetos\\m4strem\\server\\config.js": {"path":"C:\\projetos\\m4strem\\server\\config.js","statementMap":{"0":{"start":{"line":3,"column":19},"end":{"line":3,"column":58}},"1":{"start":{"line":4,"column":13},"end":{"line":4,"column":38}},"2":{"start":{"line":5,"column":23},"end":{"line":5,"column":43}},"3":{"start":{"line":6,"column":24},"end":{"line":6,"column":45}},"4":{"start":{"line":7,"column":23},"end":{"line":7,"column":53}},"5":{"start":{"line":8,"column":19},"end":{"line":8,"column":45}},"6":{"start":{"line":9,"column":0},"end":{"line":9,"column":28}}},"fnMap":{},"branchMap":{"0":{"loc":{"start":{"line":11,"column":9},"end":{"line":11,"column":31}},"type":"binary-expr","locations":[{"start":{"line":11,"column":9},"end":{"line":11,"column":25}},{"start":{"line":11,"column":29},"end":{"line":11,"column":31}}],"line":11}},"s":{"0":3,"1":3,"2":3,"3":3,"4":3,"5":3,"6":3},"f":{},"b":{"0":[3,3]},"_coverageSchema":"1a1c01bbd47fc00a2c39e90264f33305004495a9","hash":"edf5181da47284b52967e8429bd3c2d207fdab43"}
,"C:\\projetos\\m4strem\\server\\controller.js": {"path":"C:\\projetos\\m4strem\\server\\controller.js","statementMap":{"0":{"start":{"line":5,"column":8},"end":{"line":5,"column":36}},"1":{"start":{"line":9,"column":8},"end":{"line":9,"column":51}}},"fnMap":{"0":{"name":"(anonymous_0)","decl":{"start":{"line":4,"column":4},"end":{"line":4,"column":5}},"loc":{"start":{"line":4,"column":18},"end":{"line":6,"column":5}},"line":4},"1":{"name":"(anonymous_1)","decl":{"start":{"line":8,"column":4},"end":{"line":8,"column":5}},"loc":{"start":{"line":8,"column":34},"end":{"line":10,"column":5}},"line":8}},"branchMap":{},"s":{"0":4,"1":1},"f":{"0":4,"1":1},"b":{},"_coverageSchema":"1a1c01bbd47fc00a2c39e90264f33305004495a9","hash":"8ef801b4f8bfd65fd3082c78798d3fc87377d0ef"}
,"C:\\projetos\\m4strem\\server\\routes.js": {"path":"C:\\projetos\\m4strem\\server\\routes.js","statementMap":{"0":{"start":{"line":13,"column":4},"end":{"line":13,"column":10}},"1":{"start":{"line":14,"column":19},"end":{"line":14,"column":35}},"2":{"start":{"line":16,"column":25},"end":{"line":16,"column":32}},"3":{"start":{"line":18,"column":4},"end":{"line":24,"column":5}},"4":{"start":{"line":19,"column":8},"end":{"line":21,"column":10}},"5":{"start":{"line":23,"column":8},"end":{"line":23,"column":29}},"6":{"start":{"line":26,"column":4},"end":{"line":38,"column":5}},"7":{"start":{"line":29,"column":12},"end":{"line":29,"column":52}},"8":{"start":{"line":36,"column":8},"end":{"line":36,"column":36}},"9":{"start":{"line":40,"column":4},"end":{"line":51,"column":5}},"10":{"start":{"line":43,"column":12},"end":{"line":43,"column":58}},"11":{"start":{"line":50,"column":8},"end":{"line":50,"column":36}},"12":{"start":{"line":53,"column":4},"end":{"line":66,"column":5}},"13":{"start":{"line":57,"column":12},"end":{"line":57,"column":47}},"14":{"start":{"line":58,"column":28},"end":{"line":58,"column":46}},"15":{"start":{"line":59,"column":8},"end":{"line":64,"column":5}},"16":{"start":{"line":60,"column":8},"end":{"line":62,"column":10}},"17":{"start":{"line":65,"column":8},"end":{"line":65,"column":37}},"18":{"start":{"line":68,"column":4},"end":{"line":68,"column":27}},"19":{"start":{"line":69,"column":4},"end":{"line":69,"column":25}},"20":{"start":{"line":73,"column":4},"end":{"line":77,"column":5}},"21":{"start":{"line":74,"column":8},"end":{"line":74,"column":53}},"22":{"start":{"line":75,"column":8},"end":{"line":75,"column":31}},"23":{"start":{"line":76,"column":8},"end":{"line":76,"column":29}},"24":{"start":{"line":79,"column":4},"end":{"line":79,"column":54}},"25":{"start":{"line":80,"column":4},"end":{"line":80,"column":27}},"26":{"start":{"line":81,"column":4},"end":{"line":81,"column":25}},"27":{"start":{"line":85,"column":2},"end":{"line":86,"column":48}},"28":{"start":{"line":86,"column":18},"end":{"line":86,"column":47}}},"fnMap":{"0":{"name":"routes","decl":{"start":{"line":15,"column":15},"end":{"line":15,"column":21}},"loc":{"start":{"line":15,"column":41},"end":{"line":70,"column":1}},"line":15},"1":{"name":"handlerError","decl":{"start":{"line":72,"column":9},"end":{"line":72,"column":21}},"loc":{"start":{"line":72,"column":39},"end":{"line":82,"column":1}},"line":72},"2":{"name":"handler","decl":{"start":{"line":83,"column":16},"end":{"line":83,"column":23}},"loc":{"start":{"line":83,"column":43},"end":{"line":87,"column":3}},"line":83},"3":{"name":"(anonymous_3)","decl":{"start":{"line":86,"column":9},"end":{"line":86,"column":10}},"loc":{"start":{"line":86,"column":18},"end":{"line":86,"column":47}},"line":86}},"branchMap":{"0":{"loc":{"start":{"line":18,"column":4},"end":{"line":24,"column":5}},"type":"if","locations":[{"start":{"line":18,"column":4},"end":{"line":24,"column":5}},{"start":{},"end":{}}],"line":18},"1":{"loc":{"start":{"line":18,"column":7},"end":{"line":18,"column":38}},"type":"binary-expr","locations":[{"start":{"line":18,"column":7},"end":{"line":18,"column":23}},{"start":{"line":18,"column":27},"end":{"line":18,"column":38}}],"line":18},"2":{"loc":{"start":{"line":26,"column":4},"end":{"line":38,"column":5}},"type":"if","locations":[{"start":{"line":26,"column":4},"end":{"line":38,"column":5}},{"start":{},"end":{}}],"line":26},"3":{"loc":{"start":{"line":26,"column":7},"end":{"line":26,"column":42}},"type":"binary-expr","locations":[{"start":{"line":26,"column":7},"end":{"line":26,"column":23}},{"start":{"line":26,"column":27},"end":{"line":26,"column":42}}],"line":26},"4":{"loc":{"start":{"line":40,"column":4},"end":{"line":51,"column":5}},"type":"if","locations":[{"start":{"line":40,"column":4},"end":{"line":51,"column":5}},{"start":{},"end":{}}],"line":40},"5":{"loc":{"start":{"line":40,"column":7},"end":{"line":40,"column":48}},"type":"binary-expr","locations":[{"start":{"line":40,"column":7},"end":{"line":40,"column":23}},{"start":{"line":40,"column":27},"end":{"line":40,"column":48}}],"line":40},"6":{"loc":{"start":{"line":53,"column":4},"end":{"line":66,"column":5}},"type":"if","locations":[{"start":{"line":53,"column":4},"end":{"line":66,"column":5}},{"start":{},"end":{}}],"line":53},"7":{"loc":{"start":{"line":59,"column":8},"end":{"line":64,"column":5}},"type":"if","locations":[{"start":{"line":59,"column":8},"end":{"line":64,"column":5}},{"start":{},"end":{}}],"line":59},"8":{"loc":{"start":{"line":73,"column":4},"end":{"line":77,"column":5}},"type":"if","locations":[{"start":{"line":73,"column":4},"end":{"line":77,"column":5}},{"start":{},"end":{}}],"line":73}},"s":{"0":3,"1":3,"2":14,"3":14,"4":1,"5":1,"6":13,"7":1,"8":1,"9":12,"10":1,"11":1,"12":11,"13":4,"14":2,"15":2,"16":1,"17":2,"18":7,"19":7,"20":2,"21":1,"22":1,"23":1,"24":1,"25":1,"26":1,"27":14,"28":2},"f":{"0":14,"1":2,"2":14,"3":2},"b":{"0":[1,13],"1":[14,7],"2":[1,12],"3":[13,6],"4":[1,11],"5":[12,5],"6":[4,7],"7":[1,1],"8":[1,1]},"_coverageSchema":"1a1c01bbd47fc00a2c39e90264f33305004495a9","hash":"3c3ccc778c9aaa0b84ace22e90efeca563a8b53e"}
,"C:\\projetos\\m4strem\\server\\service.js": {"path":"C:\\projetos\\m4strem\\server\\service.js","statementMap":{"0":{"start":{"line":9,"column":4},"end":{"line":9,"column":10}},"1":{"start":{"line":12,"column":8},"end":{"line":12,"column":44}},"2":{"start":{"line":17,"column":29},"end":{"line":17,"column":56}},"3":{"start":{"line":19,"column":8},"end":{"line":19,"column":45}},"4":{"start":{"line":20,"column":25},"end":{"line":20,"column":46}},"5":{"start":{"line":21,"column":8},"end":{"line":24,"column":9}},"6":{"start":{"line":33,"column":11},"end":{"line":33,"column":39}},"7":{"start":{"line":34,"column":8},"end":{"line":37,"column":9}}},"fnMap":{"0":{"name":"(anonymous_0)","decl":{"start":{"line":11,"column":4},"end":{"line":11,"column":5}},"loc":{"start":{"line":11,"column":31},"end":{"line":13,"column":5}},"line":11},"1":{"name":"(anonymous_1)","decl":{"start":{"line":15,"column":4},"end":{"line":15,"column":5}},"loc":{"start":{"line":15,"column":28},"end":{"line":26,"column":5}},"line":15},"2":{"name":"(anonymous_2)","decl":{"start":{"line":28,"column":4},"end":{"line":28,"column":5}},"loc":{"start":{"line":28,"column":30},"end":{"line":38,"column":5}},"line":28}},"branchMap":{},"s":{"0":3,"1":1,"2":1,"3":1,"4":1,"5":1,"6":1,"7":1},"f":{"0":1,"1":1,"2":1},"b":{},"_coverageSchema":"1a1c01bbd47fc00a2c39e90264f33305004495a9","hash":"8c91955c73931242a83dd7818834545e1bf7ce51"}
,"C:\\projetos\\m4strem\\server\\util.js": {"path":"C:\\projetos\\m4strem\\server\\util.js","statementMap":{"0":{"start":{"line":3,"column":12},"end":{"line":12,"column":2}},"1":{"start":{"line":14,"column":22},"end":{"line":14,"column":25}}},"fnMap":{},"branchMap":{},"s":{"0":3,"1":3},"f":{},"b":{},"_coverageSchema":"1a1c01bbd47fc00a2c39e90264f33305004495a9","hash":"af99b7d9327e709019208caf8cd913798de7d149"}
,"C:\\projetos\\m4strem\\tests\\unit\\_utill\\testUtill.js": {"path":"C:\\projetos\\m4strem\\tests\\unit\\_utill\\testUtill.js","statementMap":{"0":{"start":{"line":11,"column":8},"end":{"line":19,"column":10}},"1":{"start":{"line":13,"column":16},"end":{"line":15,"column":17}},"2":{"start":{"line":14,"column":20},"end":{"line":14,"column":35}},"3":{"start":{"line":17,"column":16},"end":{"line":17,"column":31}},"4":{"start":{"line":23,"column":8},"end":{"line":28,"column":10}},"5":{"start":{"line":25,"column":16},"end":{"line":25,"column":29}},"6":{"start":{"line":26,"column":16},"end":{"line":26,"column":31}},"7":{"start":{"line":31,"column":30},"end":{"line":31,"column":85}},"8":{"start":{"line":32,"column":25},"end":{"line":32,"column":66}},"9":{"start":{"line":33,"column":21},"end":{"line":43,"column":9}},"10":{"start":{"line":44,"column":8},"end":{"line":44,"column":44}},"11":{"start":{"line":45,"column":8},"end":{"line":48,"column":9}},"12":{"start":{"line":46,"column":26},"end":{"line":46,"column":45}}},"fnMap":{"0":{"name":"(anonymous_0)","decl":{"start":{"line":10,"column":4},"end":{"line":10,"column":5}},"loc":{"start":{"line":10,"column":39},"end":{"line":20,"column":5}},"line":10},"1":{"name":"(anonymous_1)","decl":{"start":{"line":12,"column":12},"end":{"line":12,"column":13}},"loc":{"start":{"line":12,"column":19},"end":{"line":18,"column":13}},"line":12},"2":{"name":"(anonymous_2)","decl":{"start":{"line":22,"column":4},"end":{"line":22,"column":5}},"loc":{"start":{"line":22,"column":41},"end":{"line":29,"column":5}},"line":22},"3":{"name":"(anonymous_3)","decl":{"start":{"line":24,"column":12},"end":{"line":24,"column":13}},"loc":{"start":{"line":24,"column":34},"end":{"line":27,"column":13}},"line":24},"4":{"name":"(anonymous_4)","decl":{"start":{"line":30,"column":4},"end":{"line":30,"column":5}},"loc":{"start":{"line":30,"column":34},"end":{"line":49,"column":5}},"line":30},"5":{"name":"(anonymous_5)","decl":{"start":{"line":32,"column":57},"end":{"line":32,"column":58}},"loc":{"start":{"line":32,"column":63},"end":{"line":32,"column":65}},"line":32},"6":{"name":"(anonymous_6)","decl":{"start":{"line":46,"column":20},"end":{"line":46,"column":21}},"loc":{"start":{"line":46,"column":26},"end":{"line":46,"column":45}},"line":46}},"branchMap":{},"s":{"0":14,"1":0,"2":0,"3":0,"4":7,"5":0,"6":0,"7":7,"8":7,"9":7,"10":7,"11":7,"12":7},"f":{"0":14,"1":0,"2":7,"3":0,"4":7,"5":0,"6":7},"b":{},"_coverageSchema":"1a1c01bbd47fc00a2c39e90264f33305004495a9","hash":"19d31b4864ec3f0be7521e1e8397944047adf9c9"}
}
