TN:
SF:server\config.js
FNF:0
FNH:0
DA:3,3
DA:4,3
DA:5,3
DA:6,3
DA:7,3
DA:8,3
DA:9,3
LF:7
LH:7
BRDA:11,0,0,3
BRDA:11,0,1,3
BRF:2
BRH:2
end_of_record
TN:
SF:server\controller.js
FN:4,(anonymous_0)
FN:8,(anonymous_1)
FNF:2
FNH:2
FNDA:4,(anonymous_0)
FNDA:1,(anonymous_1)
DA:5,4
DA:9,1
LF:2
LH:2
BRF:0
BRH:0
end_of_record
TN:
SF:server\routes.js
FN:15,routes
FN:72,handlerError
FN:83,handler
FN:86,(anonymous_3)
FNF:4
FNH:4
FNDA:14,routes
FNDA:2,handlerError
FNDA:14,handler
FNDA:2,(anonymous_3)
DA:13,3
DA:14,3
DA:16,14
DA:18,14
DA:19,1
DA:23,1
DA:26,13
DA:29,1
DA:36,1
DA:40,12
DA:43,1
DA:50,1
DA:53,11
DA:57,4
DA:58,2
DA:59,2
DA:60,1
DA:65,2
DA:68,7
DA:69,7
DA:73,2
DA:74,1
DA:75,1
DA:76,1
DA:79,1
DA:80,1
DA:81,1
DA:85,14
DA:86,2
LF:29
LH:29
BRDA:18,0,0,1
BRDA:18,0,1,13
BRDA:18,1,0,14
BRDA:18,1,1,7
BRDA:26,2,0,1
BRDA:26,2,1,12
BRDA:26,3,0,13
BRDA:26,3,1,6
BRDA:40,4,0,1
BRDA:40,4,1,11
BRDA:40,5,0,12
BRDA:40,5,1,5
BRDA:53,6,0,4
BRDA:53,6,1,7
BRDA:59,7,0,1
BRDA:59,7,1,1
BRDA:73,8,0,1
BRDA:73,8,1,1
BRF:18
BRH:18
end_of_record
TN:
SF:server\service.js
FN:11,(anonymous_0)
FN:15,(anonymous_1)
FN:28,(anonymous_2)
FNF:3
FNH:3
FNDA:1,(anonymous_0)
FNDA:1,(anonymous_1)
FNDA:1,(anonymous_2)
DA:9,3
DA:12,1
DA:17,1
DA:19,1
DA:20,1
DA:21,1
DA:33,1
DA:34,1
LF:8
LH:8
BRF:0
BRH:0
end_of_record
TN:
SF:server\util.js
FNF:0
FNH:0
DA:3,3
DA:14,3
LF:2
LH:2
BRF:0
BRH:0
end_of_record
TN:
SF:tests\unit\_utill\testUtill.js
FN:10,(anonymous_0)
FN:12,(anonymous_1)
FN:22,(anonymous_2)
FN:24,(anonymous_3)
FN:30,(anonymous_4)
FN:32,(anonymous_5)
FN:46,(anonymous_6)
FNF:7
FNH:4
FNDA:14,(anonymous_0)
FNDA:0,(anonymous_1)
FNDA:7,(anonymous_2)
FNDA:0,(anonymous_3)
FNDA:7,(anonymous_4)
FNDA:0,(anonymous_5)
FNDA:7,(anonymous_6)
DA:11,14
DA:13,0
DA:14,0
DA:17,0
DA:23,7
DA:25,0
DA:26,0
DA:31,7
DA:32,7
DA:33,7
DA:44,7
DA:45,7
DA:46,7
LF:13
LH:8
BRF:0
BRH:0
end_of_record
